<?xml version="1.0" encoding="UTF-8"?>
<!-- Generated by org.testng.reporters.JUnitReportReporter -->
<testsuite skipped="0" hostname="DESKTOP-2U1U82B" name="com.test.FileUploadEx" tests="1" failures="0" timestamp="04 Nov 2023 17:56:20 GMT" time="16.243" errors="0">
  <testcase name="Test01" time="16.243" classname="com.test.FileUploadEx"/>
</testsuite> <!-- com.test.FileUploadEx -->
