<?xml version="1.0" encoding="UTF-8"?>
<!-- Generated by org.testng.reporters.JUnitReportReporter -->
<testsuite skipped="0" hostname="DESKTOP-2U1U82B" name="com.test.ReadWriteDataTask" tests="1" failures="0" timestamp="21 Nov 2023 14:07:54 GMT" time="16.334" errors="0">
  <testcase name="readData" time="16.334" classname="com.test.ReadWriteDataTask"/>
</testsuite> <!-- com.test.ReadWriteDataTask -->
