<?xml version="1.0" encoding="UTF-8"?>
<!-- Generated by org.testng.reporters.JUnitReportReporter -->
<testsuite skipped="0" hostname="DESKTOP-2U1U82B" name="com.test.ReadExcelFile" tests="1" failures="0" timestamp="16 Nov 2023 08:54:30 GMT" time="0.821" errors="0">
  <testcase name="test01" time="0.821" classname="com.test.ReadExcelFile"/>
</testsuite> <!-- com.test.ReadExcelFile -->
