<?xml version="1.0" encoding="UTF-8"?>
<!-- Generated by org.testng.reporters.JUnitReportReporter -->
<testsuite skipped="0" hostname="DESKTOP-2U1U82B" name="com.test.DefectsFinding" tests="1" failures="0" timestamp="17 Nov 2023 12:59:36 GMT" time="12.784" errors="0">
  <testcase name="setUp" time="12.784" classname="com.test.DefectsFinding"/>
</testsuite> <!-- com.test.DefectsFinding -->
