<?xml version="1.0" encoding="UTF-8"?>
<!-- Generated by org.testng.reporters.JUnitReportReporter -->
<testsuite skipped="0" hostname="DESKTOP-2U1U82B" name="com.test.WndowsEx" tests="1" failures="0" timestamp="06 Nov 2023 11:25:13 GMT" time="28.563" errors="0">
  <testcase name="test01" time="28.563" classname="com.test.WndowsEx"/>
</testsuite> <!-- com.test.WndowsEx -->
