<?xml version="1.0" encoding="UTF-8"?>
<!-- Generated by org.testng.reporters.JUnitReportReporter -->
<testsuite skipped="0" hostname="DESKTOP-2U1U82B" name="com.task.ExcelRead" tests="1" failures="0" timestamp="16 Nov 2023 11:26:27 GMT" time="8.490" errors="0">
  <testcase name="test02" time="8.490" classname="com.task.ExcelRead"/>
</testsuite> <!-- com.task.ExcelRead -->
