<?xml version="1.0" encoding="UTF-8"?>
<!-- Generated by org.testng.reporters.JUnitReportReporter -->
<testsuite skipped="0" hostname="DESKTOP-2U1U82B" name="com.test.LoginTest" tests="1" failures="0" timestamp="02 Dec 2023 09:18:44 GMT" time="0.345" errors="0">
  <testcase name="Test01" time="0.345" classname="com.test.LoginTest"/>
</testsuite> <!-- com.test.LoginTest -->
