<?xml version="1.0" encoding="UTF-8"?>
<!-- Generated by org.testng.reporters.JUnitReportReporter -->
<testsuite skipped="0" hostname="DESKTOP-2U1U82B" name="com.test.FrameEx" tests="1" failures="0" timestamp="06 Nov 2023 11:08:20 GMT" time="15.282" errors="0">
  <testcase name="test01" time="15.282" classname="com.test.FrameEx"/>
</testsuite> <!-- com.test.FrameEx -->
